npm info it worked if it ends with ok
npm verb cli [ '/home/oleh/.nvm/versions/node/v11.0.0/bin/node',
npm verb cli   '/home/oleh/.nvm/versions/node/v11.0.0/bin/npm',
npm verb cli   'install',
npm verb cli   '-ddd',
npm verb cli   'node-sass' ]
npm info using npm@6.4.1
npm info using node@v11.0.0
npm verb npm-session d5d76279693ad3b4
npm sill install loadCurrentTree
npm sill install readLocalPackageData
npm http fetch GET 200 https://registry.npmjs.org/node-sass 178ms
npm sill pacote tag manifest for node-sass@latest fetched in 191ms
npm timing stage:loadCurrentTree Completed in 1599ms
npm sill install loadIdealTree
npm sill install cloneCurrentTreeToIdealTree
npm timing stage:loadIdealTree:cloneCurrentTree Completed in 12ms
npm sill install loadShrinkwrap
npm timing stage:loadIdealTree:loadShrinkwrap Completed in 368ms
npm sill install loadAllDepsIntoIdealTree
npm timing stage:rollbackFailedOptional Completed in 0ms
npm timing stage:runTopLevelLifecycles Completed in 1981ms
npm sill saveTree node-sass@1.0.0
npm sill saveTree ├─┬ axios@0.18.0
npm sill saveTree │ ├─┬ follow-redirects@1.5.9
npm sill saveTree │ │ └─┬ debug@3.1.0
npm sill saveTree │ │   └── ms@2.0.0
npm sill saveTree │ └── is-buffer@1.1.6
npm sill saveTree ├── bootstrap@4.1.3
npm sill saveTree ├─┬ cross-env@5.2.0
npm sill saveTree │ ├─┬ cross-spawn@6.0.5
npm sill saveTree │ │ ├── nice-try@1.0.5
npm sill saveTree │ │ ├── path-key@2.0.1
npm sill saveTree │ │ ├── semver@5.6.0
npm sill saveTree │ │ ├─┬ shebang-command@1.2.0
npm sill saveTree │ │ │ └── shebang-regex@1.0.0
npm sill saveTree │ │ └─┬ which@1.3.1
npm sill saveTree │ │   └── isexe@2.0.0
npm sill saveTree │ └── is-windows@1.0.2
npm sill saveTree ├── jquery@3.3.1
npm sill saveTree ├── lodash@4.17.11
npm sill saveTree ├── popper.js@1.14.4
npm sill saveTree └── vue@2.5.17
npm verb stack Error: Refusing to install package with name "node-sass" under a package
npm verb stack also called "node-sass". Did you name your project the same
npm verb stack as the dependency you're installing?
npm verb stack 
npm verb stack For more information, see:
npm verb stack     <https://docs.npmjs.com/cli/install#limitations-of-npms-install-algorithm>
npm verb stack     at checkSelf (/home/oleh/.nvm/versions/node/v11.0.0/lib/node_modules/npm/lib/install/validate-args.js:64:14)
npm verb stack     at Array.<anonymous> (/home/oleh/.nvm/versions/node/v11.0.0/lib/node_modules/npm/node_modules/slide/lib/bind-actor.js:15:8)
npm verb stack     at LOOP (/home/oleh/.nvm/versions/node/v11.0.0/lib/node_modules/npm/node_modules/slide/lib/chain.js:15:14)
npm verb stack     at /home/oleh/.nvm/versions/node/v11.0.0/lib/node_modules/npm/node_modules/slide/lib/chain.js:18:7
npm verb stack     at hasMinimumFields (/home/oleh/.nvm/versions/node/v11.0.0/lib/node_modules/npm/lib/install/validate-args.js:30:12)
npm verb stack     at Array.<anonymous> (/home/oleh/.nvm/versions/node/v11.0.0/lib/node_modules/npm/node_modules/slide/lib/bind-actor.js:15:8)
npm verb stack     at LOOP (/home/oleh/.nvm/versions/node/v11.0.0/lib/node_modules/npm/node_modules/slide/lib/chain.js:15:14)
npm verb stack     at chain (/home/oleh/.nvm/versions/node/v11.0.0/lib/node_modules/npm/node_modules/slide/lib/chain.js:20:5)
npm verb stack     at /home/oleh/.nvm/versions/node/v11.0.0/lib/node_modules/npm/lib/install/validate-args.js:16:5
npm verb stack     at /home/oleh/.nvm/versions/node/v11.0.0/lib/node_modules/npm/node_modules/slide/lib/async-map.js:52:35
npm verb stack     at Array.forEach (<anonymous>)
npm verb stack     at /home/oleh/.nvm/versions/node/v11.0.0/lib/node_modules/npm/node_modules/slide/lib/async-map.js:52:11
npm verb stack     at Array.forEach (<anonymous>)
npm verb stack     at asyncMap (/home/oleh/.nvm/versions/node/v11.0.0/lib/node_modules/npm/node_modules/slide/lib/async-map.js:51:8)
npm verb stack     at module.exports (/home/oleh/.nvm/versions/node/v11.0.0/lib/node_modules/npm/lib/install/validate-args.js:15:3)
npm verb stack     at Array.<anonymous> (/home/oleh/.nvm/versions/node/v11.0.0/lib/node_modules/npm/node_modules/slide/lib/bind-actor.js:15:8)
npm verb cwd /var/www/Mango-back
npm verb Linux 4.15.0-38-generic
npm verb argv "/home/oleh/.nvm/versions/node/v11.0.0/bin/node" "/home/oleh/.nvm/versions/node/v11.0.0/bin/npm" "install" "-ddd" "node-sass"
npm verb node v11.0.0
npm verb npm  v6.4.1
npm ERR! code ENOSELF
npm ERR! Refusing to install package with name "node-sass" under a package
npm ERR! also called "node-sass". Did you name your project the same
npm ERR! as the dependency you're installing?
npm ERR! 
npm ERR! For more information, see:
npm ERR!     <https://docs.npmjs.com/cli/install#limitations-of-npms-install-algorithm>
npm verb exit [ 1, true ]
npm timing npm Completed in 2728ms

npm ERR! A complete log of this run can be found in:
npm ERR!     /home/oleh/.npm/_logs/2018-11-14T19_51_00_737Z-debug.log
